[2023-01-27T14:39:29.465+0000] {taskinstance.py:1083} INFO - Dependencies all met for <TaskInstance: crawl_tienphong.crawler manual__2023-01-27T14:39:27.621144+00:00 [queued]>
[2023-01-27T14:39:29.480+0000] {taskinstance.py:1083} INFO - Dependencies all met for <TaskInstance: crawl_tienphong.crawler manual__2023-01-27T14:39:27.621144+00:00 [queued]>
[2023-01-27T14:39:29.481+0000] {taskinstance.py:1279} INFO - 
--------------------------------------------------------------------------------
[2023-01-27T14:39:29.481+0000] {taskinstance.py:1280} INFO - Starting attempt 1 of 4
[2023-01-27T14:39:29.481+0000] {taskinstance.py:1281} INFO - 
--------------------------------------------------------------------------------
[2023-01-27T14:39:29.507+0000] {taskinstance.py:1300} INFO - Executing <Task(BashOperator): crawler> on 2023-01-27 14:39:27.621144+00:00
[2023-01-27T14:39:29.512+0000] {standard_task_runner.py:55} INFO - Started process 3573 to run task
[2023-01-27T14:39:29.515+0000] {standard_task_runner.py:82} INFO - Running: ['***', 'tasks', 'run', 'crawl_tienphong', 'crawler', 'manual__2023-01-27T14:39:27.621144+00:00', '--job-id', '415', '--raw', '--subdir', 'DAGS_FOLDER/crawl_tienphong.py', '--cfg-path', '/tmp/tmpxx1e3xs8']
[2023-01-27T14:39:29.515+0000] {standard_task_runner.py:83} INFO - Job 415: Subtask crawler
[2023-01-27T14:39:29.587+0000] {task_command.py:388} INFO - Running <TaskInstance: crawl_tienphong.crawler manual__2023-01-27T14:39:27.621144+00:00 [running]> on host 9be4ecca8506
[2023-01-27T14:39:29.714+0000] {taskinstance.py:1509} INFO - Exporting the following env vars:
AIRFLOW_CTX_DAG_OWNER=phukaioh
AIRFLOW_CTX_DAG_ID=crawl_tienphong
AIRFLOW_CTX_TASK_ID=crawler
AIRFLOW_CTX_EXECUTION_DATE=2023-01-27T14:39:27.621144+00:00
AIRFLOW_CTX_TRY_NUMBER=1
AIRFLOW_CTX_DAG_RUN_ID=manual__2023-01-27T14:39:27.621144+00:00
[2023-01-27T14:39:29.716+0000] {subprocess.py:63} INFO - Tmp dir root location: 
 /tmp
[2023-01-27T14:39:29.716+0000] {subprocess.py:75} INFO - Running command: ['/bin/bash', '-c', 'cd /opt/project/ && ls -la && scrapy version ']
[2023-01-27T14:39:29.741+0000] {subprocess.py:86} INFO - Output:
[2023-01-27T14:39:29.749+0000] {subprocess.py:93} INFO - total 36
[2023-01-27T14:39:29.749+0000] {subprocess.py:93} INFO - drwxrwxr-x 5 default 1001 4096 Jan 27 13:16 .
[2023-01-27T14:39:29.749+0000] {subprocess.py:93} INFO - drwxr-xr-x 1 root    root 4096 Jan 27 13:53 ..
[2023-01-27T14:39:29.750+0000] {subprocess.py:93} INFO - drwxrwxr-x 4 default 1001 4096 Jan 26 03:12 crawler
[2023-01-27T14:39:29.750+0000] {subprocess.py:93} INFO - drwxrwxr-x 2 default 1001 4096 Jan 27 13:29 data
[2023-01-27T14:39:29.750+0000] {subprocess.py:93} INFO - -rw-rw-r-- 1 default 1001   69 Jan 27 13:13 run_crawl_tienphong.sh
[2023-01-27T14:39:29.750+0000] {subprocess.py:93} INFO - -rw-rw-r-- 1 default 1001  257 Jan 26 03:08 scrapy.cfg
[2023-01-27T14:39:29.750+0000] {subprocess.py:93} INFO - drwxrwxr-x 2 default 1001 4096 Jan 27 13:29 source
[2023-01-27T14:39:29.750+0000] {subprocess.py:93} INFO - -rw-rw-r-- 1 default 1001    6 Jan 27 13:16 test.sh
[2023-01-27T14:39:29.750+0000] {subprocess.py:93} INFO - /bin/bash: line 1: scrapy: command not found
[2023-01-27T14:39:29.753+0000] {subprocess.py:97} INFO - Command exited with return code 127
[2023-01-27T14:39:29.775+0000] {taskinstance.py:1768} ERROR - Task failed with exception
Traceback (most recent call last):
  File "/home/airflow/.local/lib/python3.7/site-packages/airflow/operators/bash.py", line 197, in execute
    f"Bash command failed. The command returned a non-zero exit code {result.exit_code}."
airflow.exceptions.AirflowException: Bash command failed. The command returned a non-zero exit code 127.
[2023-01-27T14:39:29.781+0000] {taskinstance.py:1323} INFO - Marking task as UP_FOR_RETRY. dag_id=crawl_tienphong, task_id=crawler, execution_date=20230127T143927, start_date=20230127T143929, end_date=20230127T143929
[2023-01-27T14:39:29.805+0000] {standard_task_runner.py:105} ERROR - Failed to execute job 415 for task crawler (Bash command failed. The command returned a non-zero exit code 127.; 3573)
[2023-01-27T14:39:29.849+0000] {local_task_job.py:208} INFO - Task exited with return code 1
[2023-01-27T14:39:29.887+0000] {taskinstance.py:2578} INFO - 0 downstream tasks scheduled from follow-on schedule check
